10-08 22:26:50 com_github_MitjaNemec_Archive3DModels.action_archive_3d_models 210:Plugin executed on: 'win32'
10-08 22:26:50 com_github_MitjaNemec_Archive3DModels.action_archive_3d_models 211:Plugin executed with python version: '3.9.10 (main, Jun 24 2022, 05:34:59) [MSC v.1932 64 bit (AMD64)]'
10-08 22:26:50 com_github_MitjaNemec_Archive3DModels.action_archive_3d_models 212:KiCad build version: (6.0.6)
10-08 22:26:50 com_github_MitjaNemec_Archive3DModels.action_archive_3d_models 213:Plugin version: 1.0.3

10-08 22:26:51 com_github_MitjaNemec_Archive3DModels.archive_3d_models 13:Starting to archive 3D models
10-08 22:26:51 com_github_MitjaNemec_Archive3DModels.archive_3d_models 34:Getting 3D models for footprint of: S1
10-08 22:26:51 com_github_MitjaNemec_Archive3DModels.archive_3d_models 45:Trying to copy: ${KICAD6_3DMODEL_DIR}/Button_Switch_THT.3dshapes/Slide Switch.stp
10-08 22:26:51 com_github_MitjaNemec_Archive3DModels.archive_3d_models 105:Remapping: ${KICAD6_3DMODEL_DIR}/Button_Switch_THT.3dshapes/Slide Switch.stp
10-08 22:26:51 com_github_MitjaNemec_Archive3DModels.archive_3d_models 34:Getting 3D models for footprint of: R2
10-08 22:26:51 com_github_MitjaNemec_Archive3DModels.archive_3d_models 45:Trying to copy: ${KIPRJMOD}/packages3D/R_Axial_DIN0204_L3.6mm_D1.6mm_P7.62mm_Horizontal.wrl
10-08 22:26:51 com_github_MitjaNemec_Archive3DModels.archive_3d_models 105:Remapping: ${KIPRJMOD}/packages3D/R_Axial_DIN0204_L3.6mm_D1.6mm_P7.62mm_Horizontal.wrl
10-08 22:26:51 com_github_MitjaNemec_Archive3DModels.archive_3d_models 34:Getting 3D models for footprint of: J2
10-08 22:26:51 com_github_MitjaNemec_Archive3DModels.archive_3d_models 45:Trying to copy: ${KIPRJMOD}/packages3D/Altech_AK300_1x02_P5.00mm_45-Degree.step
10-08 22:26:51 com_github_MitjaNemec_Archive3DModels.archive_3d_models 105:Remapping: ${KIPRJMOD}/packages3D/Altech_AK300_1x02_P5.00mm_45-Degree.step
10-08 22:26:51 com_github_MitjaNemec_Archive3DModels.archive_3d_models 34:Getting 3D models for footprint of: D1
10-08 22:26:51 com_github_MitjaNemec_Archive3DModels.archive_3d_models 45:Trying to copy: ${KICAD6_3DMODEL_DIR}/LED_THT.3dshapes/LED_D5.0mm_Clear.wrl
10-08 22:26:51 com_github_MitjaNemec_Archive3DModels.archive_3d_models 105:Remapping: ${KICAD6_3DMODEL_DIR}/LED_THT.3dshapes/LED_D5.0mm_Clear.wrl
10-08 22:26:51 com_github_MitjaNemec_Archive3DModels.archive_3d_models 34:Getting 3D models for footprint of: C1
10-08 22:26:51 com_github_MitjaNemec_Archive3DModels.archive_3d_models 45:Trying to copy: ${KIPRJMOD}/packages3D/C_Axial_L5.1mm_D3.1mm_P7.50mm_Horizontal.wrl
10-08 22:26:51 com_github_MitjaNemec_Archive3DModels.archive_3d_models 105:Remapping: ${KIPRJMOD}/packages3D/C_Axial_L5.1mm_D3.1mm_P7.50mm_Horizontal.wrl
10-08 22:26:51 com_github_MitjaNemec_Archive3DModels.archive_3d_models 34:Getting 3D models for footprint of: L1
10-08 22:26:51 com_github_MitjaNemec_Archive3DModels.archive_3d_models 45:Trying to copy: ${KIPRJMOD}/packages3D/L_Axial_L14.0mm_D4.5mm_P15.24mm_Horizontal_Fastron_LACC.step
10-08 22:26:51 com_github_MitjaNemec_Archive3DModels.archive_3d_models 105:Remapping: ${KIPRJMOD}/packages3D/L_Axial_L14.0mm_D4.5mm_P15.24mm_Horizontal_Fastron_LACC.step
10-08 22:26:51 com_github_MitjaNemec_Archive3DModels.archive_3d_models 34:Getting 3D models for footprint of: Q1
10-08 22:26:51 com_github_MitjaNemec_Archive3DModels.archive_3d_models 45:Trying to copy: ${KIPRJMOD}/packages3D/TO-92_Inline.wrl
10-08 22:26:51 com_github_MitjaNemec_Archive3DModels.archive_3d_models 105:Remapping: ${KIPRJMOD}/packages3D/TO-92_Inline.wrl
10-08 22:26:51 com_github_MitjaNemec_Archive3DModels.archive_3d_models 34:Getting 3D models for footprint of: J1
10-08 22:26:51 com_github_MitjaNemec_Archive3DModels.archive_3d_models 45:Trying to copy: ${KIPRJMOD}/packages3D/Altech_AK300_1x02_P5.00mm_45-Degree.step
10-08 22:26:51 com_github_MitjaNemec_Archive3DModels.archive_3d_models 105:Remapping: ${KIPRJMOD}/packages3D/Altech_AK300_1x02_P5.00mm_45-Degree.step
10-08 22:26:51 com_github_MitjaNemec_Archive3DModels.archive_3d_models 34:Getting 3D models for footprint of: Q2
10-08 22:26:51 com_github_MitjaNemec_Archive3DModels.archive_3d_models 45:Trying to copy: ${KIPRJMOD}/packages3D/TO-92_Inline.wrl
10-08 22:26:51 com_github_MitjaNemec_Archive3DModels.archive_3d_models 105:Remapping: ${KIPRJMOD}/packages3D/TO-92_Inline.wrl
10-08 22:26:51 com_github_MitjaNemec_Archive3DModels.archive_3d_models 34:Getting 3D models for footprint of: R3
10-08 22:26:51 com_github_MitjaNemec_Archive3DModels.archive_3d_models 45:Trying to copy: ${KICAD6_3DMODEL_DIR}/Resistor_THT.3dshapes/R_Axial_DIN0204_L3.6mm_D1.6mm_P7.62mm_Horizontal.wrl
10-08 22:26:51 com_github_MitjaNemec_Archive3DModels.archive_3d_models 105:Remapping: ${KICAD6_3DMODEL_DIR}/Resistor_THT.3dshapes/R_Axial_DIN0204_L3.6mm_D1.6mm_P7.62mm_Horizontal.wrl
10-08 22:26:51 com_github_MitjaNemec_Archive3DModels.archive_3d_models 34:Getting 3D models for footprint of: R1
10-08 22:26:51 com_github_MitjaNemec_Archive3DModels.archive_3d_models 45:Trying to copy: ${KIPRJMOD}/packages3D/R_Axial_DIN0204_L3.6mm_D1.6mm_P7.62mm_Horizontal.wrl
10-08 22:26:51 com_github_MitjaNemec_Archive3DModels.archive_3d_models 105:Remapping: ${KIPRJMOD}/packages3D/R_Axial_DIN0204_L3.6mm_D1.6mm_P7.62mm_Horizontal.wrl
